12/08/2020 03:45:40.175 - [INFO] - AS UDP Server Started............
12/08/2020 03:45:40.175 - [INFO] - EU UDP Server Started............
12/08/2020 03:45:40.191 - [INFO] - NA UDP Server Started............
12/08/2020 03:45:40.191 - [INFO] - Making UPD Socket Call to NA Server for method : isUserNameExist
12/08/2020 03:45:40.222 - [INFO] - Received UDP Socket call for method[isUserNameExist] with parameters[soma2000]
12/08/2020 03:45:40.222 - [INFO] - Making UPD Socket Call to EU Server for method : isUserNameExist
12/08/2020 03:45:40.222 - [INFO] - Received UDP Socket call for method[isUserNameExist] with parameters[soma2000]
12/08/2020 03:45:40.222 - [INFO] - New Account Created  Server[ AS ] user Name: soma2000
12/08/2020 03:45:40.222 - [INFO] - Making UPD Socket Call to EU Server for method : isUserNameExist
12/08/2020 03:45:40.222 - [INFO] - Received UDP Socket call for method[isUserNameExist] with parameters[sami2014]
12/08/2020 03:45:40.222 - [INFO] - Making UPD Socket Call to AS Server for method : isUserNameExist
12/08/2020 03:45:40.222 - [INFO] - Received UDP Socket call for method[isUserNameExist] with parameters[sami2014]
12/08/2020 03:45:40.222 - [INFO] - New Account Created  Server[ NA ] user Name: sami2014
12/08/2020 03:45:40.222 - [INFO] - Making UPD Socket Call to NA Server for method : isUserNameExist
12/08/2020 03:45:40.222 - [INFO] - Received UDP Socket call for method[isUserNameExist] with parameters[jami2020]
12/08/2020 03:45:40.222 - [INFO] - Making UPD Socket Call to AS Server for method : isUserNameExist
12/08/2020 03:45:40.222 - [INFO] - Received UDP Socket call for method[isUserNameExist] with parameters[jami2020]
12/08/2020 03:45:40.222 - [INFO] - New Account Created  Server[ EU ] user Name: jami2020
12/08/2020 03:45:40.222 - [INFO] - Making UPD Socket Call to NA Server for method : isUserNameExist
12/08/2020 03:45:40.222 - [INFO] - Received UDP Socket call for method[isUserNameExist] with parameters[rokib2000]
12/08/2020 03:45:40.222 - [INFO] - Making UPD Socket Call to AS Server for method : isUserNameExist
12/08/2020 03:45:40.237 - [INFO] - Received UDP Socket call for method[isUserNameExist] with parameters[rokib2000]
12/08/2020 03:45:40.237 - [INFO] - New Account Created  Server[ EU ] user Name: rokib2000
12/08/2020 03:45:40.237 - [INFO] - Making UPD Socket Call to NA Server for method : isUserNameExist
12/08/2020 03:45:40.237 - [INFO] - Received UDP Socket call for method[isUserNameExist] with parameters[rimjhim2020]
12/08/2020 03:45:40.237 - [INFO] - Making UPD Socket Call to EU Server for method : isUserNameExist
12/08/2020 03:45:40.237 - [INFO] - Received UDP Socket call for method[isUserNameExist] with parameters[rimjhim2020]
12/08/2020 03:45:40.237 - [INFO] - New Account Created  Server[ AS ] user Name: rimjhim2020
12/08/2020 03:45:40.237 - [INFO] - Making UPD Socket Call to NA Server for method : isUserNameExist
12/08/2020 03:45:40.237 - [INFO] - Received UDP Socket call for method[isUserNameExist] with parameters[arif2000]
12/08/2020 03:45:40.237 - [INFO] - Making UPD Socket Call to AS Server for method : isUserNameExist
12/08/2020 03:45:40.237 - [INFO] - Received UDP Socket call for method[isUserNameExist] with parameters[arif2000]
12/08/2020 03:45:40.237 - [INFO] - New Account Created  Server[ EU ] user Name: arif2000
12/08/2020 03:45:40.237 - [INFO] - Making UPD Socket Call to EU Server for method : isUserNameExist
12/08/2020 03:45:40.237 - [INFO] - Received UDP Socket call for method[isUserNameExist] with parameters[robi1000]
12/08/2020 03:45:40.237 - [INFO] - Making UPD Socket Call to AS Server for method : isUserNameExist
12/08/2020 03:45:40.237 - [INFO] - Received UDP Socket call for method[isUserNameExist] with parameters[robi1000]
12/08/2020 03:45:40.237 - [INFO] - New Account Created  Server[ NA ] user Name: robi1000
12/08/2020 03:45:40.237 - [INFO] - Making UPD Socket Call to EU Server for method : isUserNameExist
12/08/2020 03:45:40.237 - [INFO] - Received UDP Socket call for method[isUserNameExist] with parameters[roma1000]
12/08/2020 03:45:40.237 - [INFO] - Making UPD Socket Call to AS Server for method : isUserNameExist
12/08/2020 03:45:40.237 - [INFO] - Received UDP Socket call for method[isUserNameExist] with parameters[roma1000]
12/08/2020 03:45:40.237 - [INFO] - New Account Created  Server[ NA ] user Name: roma1000
12/08/2020 03:48:08.748 - [INFO] - Making UPD Socket Call to EU Server for method : getPlayerUpdateForCurrentServer
12/08/2020 03:48:08.748 - [INFO] - Received UDP Socket call for method[getPlayerUpdateForCurrentServer] with parameters[admin]
12/08/2020 03:48:08.764 - [INFO] - Making UPD Socket Call to AS Server for method : getPlayerUpdateForCurrentServer
12/08/2020 03:48:08.764 - [INFO] - Received UDP Socket call for method[getPlayerUpdateForCurrentServer] with parameters[admin]
12/08/2020 03:48:23.752 - [INFO] - Making UPD Socket Call to EU Server for method : getPlayerUpdateForCurrentServer
12/08/2020 03:48:23.752 - [INFO] - Received UDP Socket call for method[getPlayerUpdateForCurrentServer] with parameters[admin]
12/08/2020 03:48:23.752 - [INFO] - Making UPD Socket Call to AS Server for method : getPlayerUpdateForCurrentServer
12/08/2020 03:48:23.752 - [INFO] - Received UDP Socket call for method[getPlayerUpdateForCurrentServer] with parameters[admin]
12/08/2020 03:49:18.046 - [INFO] - LogOUT:  Server[ NA ] user Name: sami2014
12/08/2020 04:00:57.780 - [INFO] - AS UDP Server Started............
12/08/2020 04:00:57.780 - [INFO] - NA UDP Server Started............
12/08/2020 04:00:57.780 - [INFO] - EU UDP Server Started............
12/08/2020 04:00:57.796 - [INFO] - Making UPD Socket Call to NA Server for method : isUserNameExist
12/08/2020 04:00:57.827 - [INFO] - Received UDP Socket call for method[isUserNameExist] with parameters[soma2000]
12/08/2020 04:00:57.827 - [INFO] - Making UPD Socket Call to EU Server for method : isUserNameExist
12/08/2020 04:00:57.827 - [INFO] - Received UDP Socket call for method[isUserNameExist] with parameters[soma2000]
12/08/2020 04:00:57.827 - [INFO] - New Account Created  Server[ AS ] user Name: soma2000
12/08/2020 04:00:57.827 - [INFO] - Making UPD Socket Call to EU Server for method : isUserNameExist
12/08/2020 04:00:57.827 - [INFO] - Received UDP Socket call for method[isUserNameExist] with parameters[sami2014]
12/08/2020 04:00:57.827 - [INFO] - Making UPD Socket Call to AS Server for method : isUserNameExist
12/08/2020 04:00:57.827 - [INFO] - Received UDP Socket call for method[isUserNameExist] with parameters[sami2014]
12/08/2020 04:00:57.827 - [INFO] - New Account Created  Server[ NA ] user Name: sami2014
12/08/2020 04:00:57.827 - [INFO] - Making UPD Socket Call to NA Server for method : isUserNameExist
12/08/2020 04:00:57.827 - [INFO] - Received UDP Socket call for method[isUserNameExist] with parameters[jami2020]
12/08/2020 04:00:57.827 - [INFO] - Making UPD Socket Call to AS Server for method : isUserNameExist
12/08/2020 04:00:57.842 - [INFO] - Received UDP Socket call for method[isUserNameExist] with parameters[jami2020]
12/08/2020 04:00:57.842 - [INFO] - New Account Created  Server[ EU ] user Name: jami2020
12/08/2020 04:00:57.842 - [INFO] - Making UPD Socket Call to NA Server for method : isUserNameExist
12/08/2020 04:00:57.842 - [INFO] - Received UDP Socket call for method[isUserNameExist] with parameters[rokib2000]
12/08/2020 04:00:57.842 - [INFO] - Making UPD Socket Call to AS Server for method : isUserNameExist
12/08/2020 04:00:57.842 - [INFO] - Received UDP Socket call for method[isUserNameExist] with parameters[rokib2000]
12/08/2020 04:00:57.842 - [INFO] - New Account Created  Server[ EU ] user Name: rokib2000
12/08/2020 04:00:57.842 - [INFO] - Making UPD Socket Call to NA Server for method : isUserNameExist
12/08/2020 04:00:57.842 - [INFO] - Received UDP Socket call for method[isUserNameExist] with parameters[rimjhim2020]
12/08/2020 04:00:57.842 - [INFO] - Making UPD Socket Call to EU Server for method : isUserNameExist
12/08/2020 04:00:57.842 - [INFO] - Received UDP Socket call for method[isUserNameExist] with parameters[rimjhim2020]
12/08/2020 04:00:57.842 - [INFO] - New Account Created  Server[ AS ] user Name: rimjhim2020
12/08/2020 04:00:57.842 - [INFO] - Making UPD Socket Call to NA Server for method : isUserNameExist
12/08/2020 04:00:57.842 - [INFO] - Received UDP Socket call for method[isUserNameExist] with parameters[arif2000]
12/08/2020 04:00:57.842 - [INFO] - Making UPD Socket Call to AS Server for method : isUserNameExist
12/08/2020 04:00:57.842 - [INFO] - Received UDP Socket call for method[isUserNameExist] with parameters[arif2000]
12/08/2020 04:00:57.842 - [INFO] - New Account Created  Server[ EU ] user Name: arif2000
12/08/2020 04:00:57.842 - [INFO] - Making UPD Socket Call to EU Server for method : isUserNameExist
12/08/2020 04:00:57.842 - [INFO] - Received UDP Socket call for method[isUserNameExist] with parameters[robi1000]
12/08/2020 04:00:57.842 - [INFO] - Making UPD Socket Call to AS Server for method : isUserNameExist
12/08/2020 04:00:57.842 - [INFO] - Received UDP Socket call for method[isUserNameExist] with parameters[robi1000]
12/08/2020 04:00:57.842 - [INFO] - New Account Created  Server[ NA ] user Name: robi1000
12/08/2020 04:00:57.842 - [INFO] - Making UPD Socket Call to EU Server for method : isUserNameExist
12/08/2020 04:00:57.842 - [INFO] - Received UDP Socket call for method[isUserNameExist] with parameters[roma1000]
12/08/2020 04:00:57.842 - [INFO] - Making UPD Socket Call to AS Server for method : isUserNameExist
12/08/2020 04:00:57.842 - [INFO] - Received UDP Socket call for method[isUserNameExist] with parameters[roma1000]
12/08/2020 04:00:57.858 - [INFO] - New Account Created  Server[ NA ] user Name: roma1000
12/08/2020 04:02:10.191 - [INFO] - Making UPD Socket Call to EU Server for method : createAccount
12/08/2020 04:02:10.191 - [INFO] - Received UDP Socket call for method[createAccount] with parameters[Sami Islam 7 sami2014 sami2014 93.123.123.123]
12/08/2020 04:02:10.191 - [INFO] - New Account Created  Server[ EU ] user Name: sami2014
12/08/2020 04:02:10.191 - [INFO] - Account Transferd: From Server[ 132.123.123.123 ] to Server[ 93.123.123.123 ] user Name : sami2014
12/08/2020 04:03:03.827 - [INFO] - Making UPD Socket Call to NA Server for method : createAccount
12/08/2020 04:03:03.827 - [INFO] - Received UDP Socket call for method[createAccount] with parameters[Sami Islam 7 sami2014 sami2014 132.123.123.123]
12/08/2020 04:03:03.827 - [INFO] - New Account Created  Server[ NA ] user Name: sami2014
12/08/2020 04:03:03.827 - [INFO] - Account Transferd: From Server[ 93.123.123.123 ] to Server[ 132.123.123.123 ] user Name : sami2014
12/08/2020 04:03:17.767 - [INFO] - LogOUT:  Server[ NA ] user Name: sami2014
12/08/2020 01:30:47.980 - [INFO] - EU UDP Server Started............
12/08/2020 01:30:47.980 - [INFO] - NA UDP Server Started............
12/08/2020 01:30:47.980 - [INFO] - AS UDP Server Started............
12/08/2020 01:30:47.980 - [INFO] - Making UPD Socket Call to NA Server for method : isUserNameExist
12/08/2020 01:30:48.027 - [INFO] - Received UDP Socket call for method[isUserNameExist] with parameters[soma2000]
12/08/2020 01:30:48.027 - [INFO] - Making UPD Socket Call to EU Server for method : isUserNameExist
12/08/2020 01:30:48.027 - [INFO] - Received UDP Socket call for method[isUserNameExist] with parameters[soma2000]
12/08/2020 01:30:48.027 - [INFO] - New Account Created  Server[ AS ] user Name: soma2000
12/08/2020 01:30:48.027 - [INFO] - Making UPD Socket Call to EU Server for method : isUserNameExist
12/08/2020 01:30:48.027 - [INFO] - Received UDP Socket call for method[isUserNameExist] with parameters[sami2014]
12/08/2020 01:30:48.027 - [INFO] - Making UPD Socket Call to AS Server for method : isUserNameExist
12/08/2020 01:30:48.027 - [INFO] - Received UDP Socket call for method[isUserNameExist] with parameters[sami2014]
12/08/2020 01:30:48.027 - [INFO] - New Account Created  Server[ NA ] user Name: sami2014
12/08/2020 01:30:48.027 - [INFO] - Making UPD Socket Call to NA Server for method : isUserNameExist
12/08/2020 01:30:48.027 - [INFO] - Received UDP Socket call for method[isUserNameExist] with parameters[jami2020]
12/08/2020 01:30:48.027 - [INFO] - Making UPD Socket Call to AS Server for method : isUserNameExist
12/08/2020 01:30:48.043 - [INFO] - Received UDP Socket call for method[isUserNameExist] with parameters[jami2020]
12/08/2020 01:30:48.043 - [INFO] - New Account Created  Server[ EU ] user Name: jami2020
12/08/2020 01:30:48.043 - [INFO] - Making UPD Socket Call to NA Server for method : isUserNameExist
12/08/2020 01:30:48.043 - [INFO] - Received UDP Socket call for method[isUserNameExist] with parameters[rokib2000]
12/08/2020 01:30:48.043 - [INFO] - Making UPD Socket Call to AS Server for method : isUserNameExist
12/08/2020 01:30:48.043 - [INFO] - Received UDP Socket call for method[isUserNameExist] with parameters[rokib2000]
12/08/2020 01:30:48.043 - [INFO] - New Account Created  Server[ EU ] user Name: rokib2000
12/08/2020 01:30:48.043 - [INFO] - Making UPD Socket Call to NA Server for method : isUserNameExist
12/08/2020 01:30:48.043 - [INFO] - Received UDP Socket call for method[isUserNameExist] with parameters[rimjhim2020]
12/08/2020 01:30:48.043 - [INFO] - Making UPD Socket Call to EU Server for method : isUserNameExist
12/08/2020 01:30:48.043 - [INFO] - Received UDP Socket call for method[isUserNameExist] with parameters[rimjhim2020]
12/08/2020 01:30:48.043 - [INFO] - New Account Created  Server[ AS ] user Name: rimjhim2020
12/08/2020 01:30:48.043 - [INFO] - Making UPD Socket Call to NA Server for method : isUserNameExist
12/08/2020 01:30:48.043 - [INFO] - Received UDP Socket call for method[isUserNameExist] with parameters[arif2000]
12/08/2020 01:30:48.043 - [INFO] - Making UPD Socket Call to AS Server for method : isUserNameExist
12/08/2020 01:30:48.043 - [INFO] - Received UDP Socket call for method[isUserNameExist] with parameters[arif2000]
12/08/2020 01:30:48.043 - [INFO] - New Account Created  Server[ EU ] user Name: arif2000
12/08/2020 01:30:48.043 - [INFO] - Making UPD Socket Call to EU Server for method : isUserNameExist
12/08/2020 01:30:48.043 - [INFO] - Received UDP Socket call for method[isUserNameExist] with parameters[robi1000]
12/08/2020 01:30:48.043 - [INFO] - Making UPD Socket Call to AS Server for method : isUserNameExist
12/08/2020 01:30:48.043 - [INFO] - Received UDP Socket call for method[isUserNameExist] with parameters[robi1000]
12/08/2020 01:30:48.043 - [INFO] - New Account Created  Server[ NA ] user Name: robi1000
12/08/2020 01:30:48.043 - [INFO] - Making UPD Socket Call to EU Server for method : isUserNameExist
12/08/2020 01:30:48.043 - [INFO] - Received UDP Socket call for method[isUserNameExist] with parameters[roma1000]
12/08/2020 01:30:48.043 - [INFO] - Making UPD Socket Call to AS Server for method : isUserNameExist
12/08/2020 01:30:48.058 - [INFO] - Received UDP Socket call for method[isUserNameExist] with parameters[roma1000]
12/08/2020 01:30:48.058 - [INFO] - New Account Created  Server[ NA ] user Name: roma1000
12/08/2020 01:31:43.091 - [INFO] - Making UPD Socket Call to NA Server for method : isUserNameExist
12/08/2020 01:31:43.091 - [INFO] - Received UDP Socket call for method[isUserNameExist] with parameters[abc1234]
12/08/2020 01:31:43.091 - [INFO] - Making UPD Socket Call to AS Server for method : isUserNameExist
12/08/2020 01:31:43.091 - [INFO] - Received UDP Socket call for method[isUserNameExist] with parameters[abc1234]
12/08/2020 01:31:43.091 - [INFO] - New Account Created  Server[ EU ] user Name: abc1234
12/08/2020 01:32:15.928 - [INFO] - Making UPD Socket Call to NA Server for method : getPlayerUpdateForCurrentServer
12/08/2020 01:32:15.928 - [INFO] - Received UDP Socket call for method[getPlayerUpdateForCurrentServer] with parameters[admin]
12/08/2020 01:32:15.928 - [INFO] - Making UPD Socket Call to AS Server for method : getPlayerUpdateForCurrentServer
12/08/2020 01:32:15.928 - [INFO] - Received UDP Socket call for method[getPlayerUpdateForCurrentServer] with parameters[admin]
12/08/2020 01:32:30.914 - [INFO] - Making UPD Socket Call to NA Server for method : getPlayerUpdateForCurrentServer
12/08/2020 01:32:30.914 - [INFO] - Received UDP Socket call for method[getPlayerUpdateForCurrentServer] with parameters[admin]
12/08/2020 01:32:30.914 - [INFO] - Making UPD Socket Call to AS Server for method : getPlayerUpdateForCurrentServer
12/08/2020 01:32:30.914 - [INFO] - Received UDP Socket call for method[getPlayerUpdateForCurrentServer] with parameters[admin]
12/08/2020 01:32:56.622 - [INFO] - LogOUT:  Server[ EU ] user Name: abc1234
12/08/2020 01:33:58.761 - [INFO] - Making UPD Socket Call to AS Server for method : createAccount
12/08/2020 01:33:58.761 - [INFO] - Received UDP Socket call for method[createAccount] with parameters[abc abc 33 abc1234 abcd1234 182.123.123.123]
12/08/2020 01:33:58.776 - [INFO] - New Account Created  Server[ AS ] user Name: abc1234
12/08/2020 01:33:58.776 - [INFO] - Account Transferd: From Server[ 93.123.123.123 ] to Server[ 182.123.123.123 ] user Name : abc1234
12/08/2020 01:34:21.063 - [INFO] - Making UPD Socket Call to NA Server for method : getPlayerUpdateForCurrentServer
12/08/2020 01:34:21.063 - [INFO] - Received UDP Socket call for method[getPlayerUpdateForCurrentServer] with parameters[admin]
12/08/2020 01:34:21.063 - [INFO] - Making UPD Socket Call to EU Server for method : getPlayerUpdateForCurrentServer
12/08/2020 01:34:21.063 - [INFO] - Received UDP Socket call for method[getPlayerUpdateForCurrentServer] with parameters[admin]
12/08/2020 01:34:36.050 - [INFO] - Making UPD Socket Call to NA Server for method : getPlayerUpdateForCurrentServer
12/08/2020 01:34:36.050 - [INFO] - Received UDP Socket call for method[getPlayerUpdateForCurrentServer] with parameters[admin]
12/08/2020 01:34:36.050 - [INFO] - Making UPD Socket Call to EU Server for method : getPlayerUpdateForCurrentServer
12/08/2020 01:34:36.050 - [INFO] - Received UDP Socket call for method[getPlayerUpdateForCurrentServer] with parameters[admin]
12/08/2020 01:35:31.248 - [INFO] - LogOUT:  Server[ AS ] user Name: abc1234
12/08/2020 01:35:59.801 - [INFO] - Making UPD Socket Call to NA Server for method : getPlayerUpdateForCurrentServer
12/08/2020 01:35:59.801 - [INFO] - Received UDP Socket call for method[getPlayerUpdateForCurrentServer] with parameters[admin]
12/08/2020 01:35:59.801 - [INFO] - Making UPD Socket Call to EU Server for method : getPlayerUpdateForCurrentServer
12/08/2020 01:35:59.801 - [INFO] - Received UDP Socket call for method[getPlayerUpdateForCurrentServer] with parameters[admin]
12/08/2020 01:37:29.116 - [INFO] - Making UPD Socket Call to NA Server for method : suspendAccountFromCurrecntServer
12/08/2020 01:37:29.116 - [INFO] - Received UDP Socket call for method[suspendAccountFromCurrecntServer] with parameters[abc123]
12/08/2020 01:37:29.116 - [INFO] - Making UPD Socket Call to EU Server for method : suspendAccountFromCurrecntServer
12/08/2020 01:37:29.116 - [INFO] - Received UDP Socket call for method[suspendAccountFromCurrecntServer] with parameters[abc123]
12/08/2020 01:53:17.421 - [INFO] - EU UDP Server Started............
12/08/2020 01:53:17.421 - [INFO] - NA UDP Server Started............
12/08/2020 01:53:17.421 - [INFO] - AS UDP Server Started............
12/08/2020 01:53:17.421 - [INFO] - Making UPD Socket Call to NA Server for method : isUserNameExist
12/08/2020 01:53:17.467 - [INFO] - Received UDP Socket call for method[isUserNameExist] with parameters[soma2000]
12/08/2020 01:53:17.467 - [INFO] - Making UPD Socket Call to EU Server for method : isUserNameExist
12/08/2020 01:53:17.467 - [INFO] - Received UDP Socket call for method[isUserNameExist] with parameters[soma2000]
12/08/2020 01:53:17.467 - [INFO] - New Account Created  Server[ AS ] user Name: soma2000
12/08/2020 01:53:17.467 - [INFO] - Making UPD Socket Call to EU Server for method : isUserNameExist
12/08/2020 01:53:17.467 - [INFO] - Received UDP Socket call for method[isUserNameExist] with parameters[sami2014]
12/08/2020 01:53:17.467 - [INFO] - Making UPD Socket Call to AS Server for method : isUserNameExist
12/08/2020 01:53:17.467 - [INFO] - Received UDP Socket call for method[isUserNameExist] with parameters[sami2014]
12/08/2020 01:53:17.467 - [INFO] - New Account Created  Server[ NA ] user Name: sami2014
12/08/2020 01:53:17.467 - [INFO] - Making UPD Socket Call to NA Server for method : isUserNameExist
12/08/2020 01:53:17.467 - [INFO] - Received UDP Socket call for method[isUserNameExist] with parameters[jami2020]
12/08/2020 01:53:17.467 - [INFO] - Making UPD Socket Call to AS Server for method : isUserNameExist
12/08/2020 01:53:17.467 - [INFO] - Received UDP Socket call for method[isUserNameExist] with parameters[jami2020]
12/08/2020 01:53:17.467 - [INFO] - New Account Created  Server[ EU ] user Name: jami2020
12/08/2020 01:53:17.483 - [INFO] - Making UPD Socket Call to NA Server for method : isUserNameExist
12/08/2020 01:53:17.483 - [INFO] - Received UDP Socket call for method[isUserNameExist] with parameters[rokib2000]
12/08/2020 01:53:17.483 - [INFO] - Making UPD Socket Call to AS Server for method : isUserNameExist
12/08/2020 01:53:17.483 - [INFO] - Received UDP Socket call for method[isUserNameExist] with parameters[rokib2000]
12/08/2020 01:53:17.483 - [INFO] - New Account Created  Server[ EU ] user Name: rokib2000
12/08/2020 01:53:17.483 - [INFO] - Making UPD Socket Call to NA Server for method : isUserNameExist
12/08/2020 01:53:17.483 - [INFO] - Received UDP Socket call for method[isUserNameExist] with parameters[rimjhim2020]
12/08/2020 01:53:17.483 - [INFO] - Making UPD Socket Call to EU Server for method : isUserNameExist
12/08/2020 01:53:17.483 - [INFO] - Received UDP Socket call for method[isUserNameExist] with parameters[rimjhim2020]
12/08/2020 01:53:17.483 - [INFO] - New Account Created  Server[ AS ] user Name: rimjhim2020
12/08/2020 01:53:17.483 - [INFO] - Making UPD Socket Call to NA Server for method : isUserNameExist
12/08/2020 01:53:17.483 - [INFO] - Received UDP Socket call for method[isUserNameExist] with parameters[arif2000]
12/08/2020 01:53:17.483 - [INFO] - Making UPD Socket Call to AS Server for method : isUserNameExist
12/08/2020 01:53:17.483 - [INFO] - Received UDP Socket call for method[isUserNameExist] with parameters[arif2000]
12/08/2020 01:53:17.483 - [INFO] - New Account Created  Server[ EU ] user Name: arif2000
12/08/2020 01:53:17.483 - [INFO] - Making UPD Socket Call to EU Server for method : isUserNameExist
12/08/2020 01:53:17.483 - [INFO] - Received UDP Socket call for method[isUserNameExist] with parameters[robi1000]
12/08/2020 01:53:17.483 - [INFO] - Making UPD Socket Call to AS Server for method : isUserNameExist
12/08/2020 01:53:17.483 - [INFO] - Received UDP Socket call for method[isUserNameExist] with parameters[robi1000]
12/08/2020 01:53:17.483 - [INFO] - New Account Created  Server[ NA ] user Name: robi1000
12/08/2020 01:53:17.483 - [INFO] - Making UPD Socket Call to EU Server for method : isUserNameExist
12/08/2020 01:53:17.483 - [INFO] - Received UDP Socket call for method[isUserNameExist] with parameters[roma1000]
12/08/2020 01:53:17.483 - [INFO] - Making UPD Socket Call to AS Server for method : isUserNameExist
12/08/2020 01:53:17.499 - [INFO] - Received UDP Socket call for method[isUserNameExist] with parameters[roma1000]
12/08/2020 01:53:17.499 - [INFO] - New Account Created  Server[ NA ] user Name: roma1000
12/08/2020 01:54:34.175 - [INFO] - Making UPD Socket Call to NA Server for method : isUserNameExist
12/08/2020 01:54:34.175 - [INFO] - Received UDP Socket call for method[isUserNameExist] with parameters[abcd123]
12/08/2020 01:54:34.175 - [INFO] - Making UPD Socket Call to AS Server for method : isUserNameExist
12/08/2020 01:54:34.183 - [INFO] - Received UDP Socket call for method[isUserNameExist] with parameters[abcd123]
12/08/2020 01:54:34.183 - [INFO] - New Account Created  Server[ EU ] user Name: abcd123
12/08/2020 01:55:12.473 - [INFO] - Making UPD Socket Call to NA Server for method : getPlayerUpdateForCurrentServer
12/08/2020 01:55:12.473 - [INFO] - Received UDP Socket call for method[getPlayerUpdateForCurrentServer] with parameters[admin]
12/08/2020 01:55:12.489 - [INFO] - Making UPD Socket Call to AS Server for method : getPlayerUpdateForCurrentServer
12/08/2020 01:55:12.489 - [INFO] - Received UDP Socket call for method[getPlayerUpdateForCurrentServer] with parameters[admin]
12/08/2020 01:55:32.481 - [INFO] - Making UPD Socket Call to NA Server for method : getPlayerUpdateForCurrentServer
12/08/2020 01:55:32.489 - [INFO] - Received UDP Socket call for method[getPlayerUpdateForCurrentServer] with parameters[admin]
12/08/2020 01:55:32.489 - [INFO] - Making UPD Socket Call to AS Server for method : getPlayerUpdateForCurrentServer
12/08/2020 01:55:32.489 - [INFO] - Received UDP Socket call for method[getPlayerUpdateForCurrentServer] with parameters[admin]
12/08/2020 01:56:19.095 - [INFO] - Making UPD Socket Call to AS Server for method : createAccount
12/08/2020 01:56:19.095 - [INFO] - Received UDP Socket call for method[createAccount] with parameters[abcd123 abcd123 33 abcd123 abcd123 182.123.123.123]
12/08/2020 01:56:19.103 - [INFO] - New Account Created  Server[ AS ] user Name: abcd123
12/08/2020 01:56:19.111 - [INFO] - Account Transferd: From Server[ 93.123.123.123 ] to Server[ 182.123.123.123 ] user Name : abcd123
12/08/2020 02:02:31.237 - [INFO] - LogOUT:  Server[ AS ] user Name: abcd123
12/08/2020 02:02:53.799 - [INFO] - Making UPD Socket Call to NA Server for method : getPlayerUpdateForCurrentServer
12/08/2020 02:02:53.807 - [INFO] - Received UDP Socket call for method[getPlayerUpdateForCurrentServer] with parameters[admin]
12/08/2020 02:02:53.807 - [INFO] - Making UPD Socket Call to EU Server for method : getPlayerUpdateForCurrentServer
12/08/2020 02:02:53.812 - [INFO] - Received UDP Socket call for method[getPlayerUpdateForCurrentServer] with parameters[admin]
12/08/2020 02:03:08.816 - [INFO] - Making UPD Socket Call to NA Server for method : getPlayerUpdateForCurrentServer
12/08/2020 02:03:08.816 - [INFO] - Received UDP Socket call for method[getPlayerUpdateForCurrentServer] with parameters[admin]
12/08/2020 02:03:08.828 - [INFO] - Making UPD Socket Call to EU Server for method : getPlayerUpdateForCurrentServer
12/08/2020 02:03:08.830 - [INFO] - Received UDP Socket call for method[getPlayerUpdateForCurrentServer] with parameters[admin]
12/08/2020 02:06:49.514 - [INFO] - EU UDP Server Started............
12/08/2020 02:06:49.514 - [INFO] - NA UDP Server Started............
12/08/2020 02:06:49.514 - [INFO] - AS UDP Server Started............
12/08/2020 02:06:49.514 - [INFO] - Making UPD Socket Call to NA Server for method : isUserNameExist
12/08/2020 02:06:49.561 - [INFO] - Received UDP Socket call for method[isUserNameExist] with parameters[soma2000]
12/08/2020 02:06:49.561 - [INFO] - Making UPD Socket Call to EU Server for method : isUserNameExist
12/08/2020 02:06:49.561 - [INFO] - Received UDP Socket call for method[isUserNameExist] with parameters[soma2000]
12/08/2020 02:06:49.561 - [INFO] - New Account Created  Server[ AS ] user Name: soma2000
12/08/2020 02:06:49.561 - [INFO] - Making UPD Socket Call to EU Server for method : isUserNameExist
12/08/2020 02:06:49.561 - [INFO] - Received UDP Socket call for method[isUserNameExist] with parameters[sami2014]
12/08/2020 02:06:49.576 - [INFO] - Making UPD Socket Call to AS Server for method : isUserNameExist
12/08/2020 02:06:49.576 - [INFO] - Received UDP Socket call for method[isUserNameExist] with parameters[sami2014]
12/08/2020 02:06:49.576 - [INFO] - New Account Created  Server[ NA ] user Name: sami2014
12/08/2020 02:06:49.576 - [INFO] - Making UPD Socket Call to NA Server for method : isUserNameExist
12/08/2020 02:06:49.576 - [INFO] - Received UDP Socket call for method[isUserNameExist] with parameters[jami2020]
12/08/2020 02:06:49.576 - [INFO] - Making UPD Socket Call to AS Server for method : isUserNameExist
12/08/2020 02:06:49.576 - [INFO] - Received UDP Socket call for method[isUserNameExist] with parameters[jami2020]
12/08/2020 02:06:49.576 - [INFO] - New Account Created  Server[ EU ] user Name: jami2020
12/08/2020 02:06:49.576 - [INFO] - Making UPD Socket Call to NA Server for method : isUserNameExist
12/08/2020 02:06:49.576 - [INFO] - Received UDP Socket call for method[isUserNameExist] with parameters[rokib2000]
12/08/2020 02:06:49.576 - [INFO] - Making UPD Socket Call to AS Server for method : isUserNameExist
12/08/2020 02:06:49.576 - [INFO] - Received UDP Socket call for method[isUserNameExist] with parameters[rokib2000]
12/08/2020 02:06:49.576 - [INFO] - New Account Created  Server[ EU ] user Name: rokib2000
12/08/2020 02:06:49.576 - [INFO] - Making UPD Socket Call to NA Server for method : isUserNameExist
12/08/2020 02:06:49.576 - [INFO] - Received UDP Socket call for method[isUserNameExist] with parameters[rimjhim2020]
12/08/2020 02:06:49.576 - [INFO] - Making UPD Socket Call to EU Server for method : isUserNameExist
12/08/2020 02:06:49.576 - [INFO] - Received UDP Socket call for method[isUserNameExist] with parameters[rimjhim2020]
12/08/2020 02:06:49.576 - [INFO] - New Account Created  Server[ AS ] user Name: rimjhim2020
12/08/2020 02:06:49.576 - [INFO] - Making UPD Socket Call to NA Server for method : isUserNameExist
12/08/2020 02:06:49.576 - [INFO] - Received UDP Socket call for method[isUserNameExist] with parameters[arif2000]
12/08/2020 02:06:49.576 - [INFO] - Making UPD Socket Call to AS Server for method : isUserNameExist
12/08/2020 02:06:49.576 - [INFO] - Received UDP Socket call for method[isUserNameExist] with parameters[arif2000]
12/08/2020 02:06:49.576 - [INFO] - New Account Created  Server[ EU ] user Name: arif2000
12/08/2020 02:06:49.576 - [INFO] - Making UPD Socket Call to EU Server for method : isUserNameExist
12/08/2020 02:06:49.592 - [INFO] - Received UDP Socket call for method[isUserNameExist] with parameters[robi1000]
12/08/2020 02:06:49.592 - [INFO] - Making UPD Socket Call to AS Server for method : isUserNameExist
12/08/2020 02:06:49.592 - [INFO] - Received UDP Socket call for method[isUserNameExist] with parameters[robi1000]
12/08/2020 02:06:49.592 - [INFO] - New Account Created  Server[ NA ] user Name: robi1000
12/08/2020 02:06:49.592 - [INFO] - Making UPD Socket Call to EU Server for method : isUserNameExist
12/08/2020 02:06:49.592 - [INFO] - Received UDP Socket call for method[isUserNameExist] with parameters[roma1000]
12/08/2020 02:06:49.592 - [INFO] - Making UPD Socket Call to AS Server for method : isUserNameExist
12/08/2020 02:06:49.592 - [INFO] - Received UDP Socket call for method[isUserNameExist] with parameters[roma1000]
12/08/2020 02:06:49.592 - [INFO] - New Account Created  Server[ NA ] user Name: roma1000
12/08/2020 02:07:33.664 - [INFO] - Making UPD Socket Call to NA Server for method : isUserNameExist
12/08/2020 02:07:33.664 - [INFO] - Received UDP Socket call for method[isUserNameExist] with parameters[abcd1234]
12/08/2020 02:07:33.664 - [INFO] - Making UPD Socket Call to AS Server for method : isUserNameExist
12/08/2020 02:07:33.664 - [INFO] - Received UDP Socket call for method[isUserNameExist] with parameters[abcd1234]
12/08/2020 02:07:33.664 - [INFO] - New Account Created  Server[ EU ] user Name: abcd1234
12/08/2020 02:10:01.584 - [INFO] - Making UPD Socket Call to NA Server for method : getPlayerUpdateForCurrentServer
12/08/2020 02:10:01.584 - [INFO] - Received UDP Socket call for method[getPlayerUpdateForCurrentServer] with parameters[admin]
12/08/2020 02:10:01.599 - [INFO] - Making UPD Socket Call to AS Server for method : getPlayerUpdateForCurrentServer
12/08/2020 02:10:01.599 - [INFO] - Received UDP Socket call for method[getPlayerUpdateForCurrentServer] with parameters[admin]
12/08/2020 02:10:11.587 - [INFO] - Making UPD Socket Call to NA Server for method : getPlayerUpdateForCurrentServer
12/08/2020 02:10:11.587 - [INFO] - Received UDP Socket call for method[getPlayerUpdateForCurrentServer] with parameters[admin]
12/08/2020 02:10:11.587 - [INFO] - Making UPD Socket Call to AS Server for method : getPlayerUpdateForCurrentServer
12/08/2020 02:10:11.587 - [INFO] - Received UDP Socket call for method[getPlayerUpdateForCurrentServer] with parameters[admin]
12/08/2020 02:12:11.319 - [INFO] - Making UPD Socket Call to AS Server for method : createAccount
12/08/2020 02:12:11.334 - [INFO] - Received UDP Socket call for method[createAccount] with parameters[abcd abcd 33 abcd1234 abcd1234 182.123.123.123]
12/08/2020 02:12:11.334 - [INFO] - New Account Created  Server[ AS ] user Name: abcd1234
12/08/2020 02:12:11.334 - [INFO] - Account Transferd: From Server[ 93.123.123.123 ] to Server[ 182.123.123.123 ] user Name : abcd1234
12/08/2020 02:12:30.835 - [INFO] - Making UPD Socket Call to NA Server for method : getPlayerUpdateForCurrentServer
12/08/2020 02:12:30.835 - [INFO] - Received UDP Socket call for method[getPlayerUpdateForCurrentServer] with parameters[admin]
12/08/2020 02:12:30.835 - [INFO] - Making UPD Socket Call to EU Server for method : getPlayerUpdateForCurrentServer
12/08/2020 02:12:30.835 - [INFO] - Received UDP Socket call for method[getPlayerUpdateForCurrentServer] with parameters[admin]
12/08/2020 02:12:40.838 - [INFO] - Making UPD Socket Call to NA Server for method : getPlayerUpdateForCurrentServer
12/08/2020 02:12:40.846 - [INFO] - Received UDP Socket call for method[getPlayerUpdateForCurrentServer] with parameters[admin]
12/08/2020 02:12:40.846 - [INFO] - Making UPD Socket Call to EU Server for method : getPlayerUpdateForCurrentServer
12/08/2020 02:12:40.846 - [INFO] - Received UDP Socket call for method[getPlayerUpdateForCurrentServer] with parameters[admin]
12/08/2020 02:13:16.407 - [INFO] - LogOUT:  Server[ AS ] user Name: abcd1234
12/08/2020 02:13:43.754 - [INFO] - Making UPD Socket Call to NA Server for method : getPlayerUpdateForCurrentServer
12/08/2020 02:13:43.754 - [INFO] - Received UDP Socket call for method[getPlayerUpdateForCurrentServer] with parameters[admin]
12/08/2020 02:13:43.754 - [INFO] - Making UPD Socket Call to EU Server for method : getPlayerUpdateForCurrentServer
12/08/2020 02:13:43.754 - [INFO] - Received UDP Socket call for method[getPlayerUpdateForCurrentServer] with parameters[admin]
12/08/2020 02:15:14.567 - [INFO] - LogOUT:  Server[ AS ] user Name: abcd1234
12/08/2020 02:15:46.871 - [INFO] - Making UPD Socket Call to NA Server for method : suspendAccountFromCurrecntServer
12/08/2020 02:15:46.871 - [INFO] - Received UDP Socket call for method[suspendAccountFromCurrecntServer] with parameters[abcd1234]
12/08/2020 02:15:46.871 - [INFO] - Making UPD Socket Call to EU Server for method : suspendAccountFromCurrecntServer
12/08/2020 02:15:46.871 - [INFO] - Received UDP Socket call for method[suspendAccountFromCurrecntServer] with parameters[abcd1234]
12/08/2020 02:15:46.871 - [INFO] - Account Suspected: From Server[ AS ] by Admin ID : admin
12/08/2020 02:18:17.709 - [INFO] - Making UPD Socket Call to NA Server for method : getPlayerUpdateForCurrentServer
12/08/2020 02:18:17.724 - [INFO] - Received UDP Socket call for method[getPlayerUpdateForCurrentServer] with parameters[admin]
12/08/2020 02:18:17.724 - [INFO] - Making UPD Socket Call to EU Server for method : getPlayerUpdateForCurrentServer
12/08/2020 02:18:17.724 - [INFO] - Received UDP Socket call for method[getPlayerUpdateForCurrentServer] with parameters[admin]
12/08/2020 02:19:20.087 - [INFO] - LogOUT:  Server[ AS ] user Name: soma2000
12/08/2020 02:20:49.446 - [INFO] - LogOUT:  Server[ NA ] user Name: robi1000
12/08/2020 03:01:21.861 - [INFO] - AS UDP Server Started............
12/08/2020 03:01:21.861 - [INFO] - NA UDP Server Started............
12/08/2020 03:01:21.861 - [INFO] - EU UDP Server Started............
12/08/2020 03:01:21.877 - [INFO] - Making UPD Socket Call to NA Server for method : isUserNameExist
12/08/2020 03:01:21.908 - [INFO] - Received UDP Socket call for method[isUserNameExist] with parameters[soma2000]
12/08/2020 03:01:21.908 - [INFO] - Making UPD Socket Call to EU Server for method : isUserNameExist
12/08/2020 03:01:21.908 - [INFO] - Received UDP Socket call for method[isUserNameExist] with parameters[soma2000]
12/08/2020 03:01:21.908 - [INFO] - New Account Created  Server[ AS ] user Name: soma2000
12/08/2020 03:01:21.908 - [INFO] - Making UPD Socket Call to EU Server for method : isUserNameExist
12/08/2020 03:01:21.908 - [INFO] - Received UDP Socket call for method[isUserNameExist] with parameters[sami2014]
12/08/2020 03:01:21.908 - [INFO] - Making UPD Socket Call to AS Server for method : isUserNameExist
12/08/2020 03:01:21.908 - [INFO] - Received UDP Socket call for method[isUserNameExist] with parameters[sami2014]
12/08/2020 03:01:21.924 - [INFO] - New Account Created  Server[ NA ] user Name: sami2014
12/08/2020 03:01:21.924 - [INFO] - Making UPD Socket Call to NA Server for method : isUserNameExist
12/08/2020 03:01:21.924 - [INFO] - Received UDP Socket call for method[isUserNameExist] with parameters[jami2020]
12/08/2020 03:01:21.924 - [INFO] - Making UPD Socket Call to AS Server for method : isUserNameExist
12/08/2020 03:01:21.924 - [INFO] - Received UDP Socket call for method[isUserNameExist] with parameters[jami2020]
12/08/2020 03:01:21.924 - [INFO] - New Account Created  Server[ EU ] user Name: jami2020
12/08/2020 03:01:21.924 - [INFO] - Making UPD Socket Call to NA Server for method : isUserNameExist
12/08/2020 03:01:21.924 - [INFO] - Received UDP Socket call for method[isUserNameExist] with parameters[rokib2000]
12/08/2020 03:01:21.924 - [INFO] - Making UPD Socket Call to AS Server for method : isUserNameExist
12/08/2020 03:01:21.924 - [INFO] - Received UDP Socket call for method[isUserNameExist] with parameters[rokib2000]
12/08/2020 03:01:21.924 - [INFO] - New Account Created  Server[ EU ] user Name: rokib2000
12/08/2020 03:01:21.924 - [INFO] - Making UPD Socket Call to NA Server for method : isUserNameExist
12/08/2020 03:01:21.924 - [INFO] - Received UDP Socket call for method[isUserNameExist] with parameters[rimjhim2020]
12/08/2020 03:01:21.924 - [INFO] - Making UPD Socket Call to EU Server for method : isUserNameExist
12/08/2020 03:01:21.924 - [INFO] - Received UDP Socket call for method[isUserNameExist] with parameters[rimjhim2020]
12/08/2020 03:01:21.924 - [INFO] - New Account Created  Server[ AS ] user Name: rimjhim2020
12/08/2020 03:01:21.924 - [INFO] - Making UPD Socket Call to NA Server for method : isUserNameExist
12/08/2020 03:01:21.924 - [INFO] - Received UDP Socket call for method[isUserNameExist] with parameters[arif2000]
12/08/2020 03:01:21.924 - [INFO] - Making UPD Socket Call to AS Server for method : isUserNameExist
12/08/2020 03:01:21.924 - [INFO] - Received UDP Socket call for method[isUserNameExist] with parameters[arif2000]
12/08/2020 03:01:21.924 - [INFO] - New Account Created  Server[ EU ] user Name: arif2000
12/08/2020 03:01:21.924 - [INFO] - Making UPD Socket Call to EU Server for method : isUserNameExist
12/08/2020 03:01:21.924 - [INFO] - Received UDP Socket call for method[isUserNameExist] with parameters[robi1000]
12/08/2020 03:01:21.924 - [INFO] - Making UPD Socket Call to AS Server for method : isUserNameExist
12/08/2020 03:01:21.924 - [INFO] - Received UDP Socket call for method[isUserNameExist] with parameters[robi1000]
12/08/2020 03:01:21.924 - [INFO] - New Account Created  Server[ NA ] user Name: robi1000
12/08/2020 03:01:21.924 - [INFO] - Making UPD Socket Call to EU Server for method : isUserNameExist
12/08/2020 03:01:21.939 - [INFO] - Received UDP Socket call for method[isUserNameExist] with parameters[roma1000]
12/08/2020 03:01:21.939 - [INFO] - Making UPD Socket Call to AS Server for method : isUserNameExist
12/08/2020 03:01:21.939 - [INFO] - Received UDP Socket call for method[isUserNameExist] with parameters[roma1000]
12/08/2020 03:01:21.939 - [INFO] - New Account Created  Server[ NA ] user Name: roma1000
12/08/2020 03:02:18.183 - [INFO] - Making UPD Socket Call to AS Server for method : createAccount
12/08/2020 03:02:18.183 - [INFO] - Received UDP Socket call for method[createAccount] with parameters[Sami Islam 7 sami2014 sami2014 182.123.123.123]
12/08/2020 03:02:18.183 - [INFO] - New Account Created  Server[ AS ] user Name: sami2014
12/08/2020 03:02:18.183 - [INFO] - Account Transferd: From Server[ 132.123.123.123 ] to Server[ 182.123.123.123 ] user Name : sami2014
12/08/2020 03:07:53.737 - [INFO] - LogOUT:  Server[ AS ] user Name: sami2014
12/08/2020 03:27:17.185 - [INFO] - EU UDP Server Started............
12/08/2020 03:27:17.185 - [INFO] - NA UDP Server Started............
12/08/2020 03:27:17.185 - [INFO] - AS UDP Server Started............
12/08/2020 03:27:17.201 - [INFO] - Making UPD Socket Call to NA Server for method : isUserNameExist
12/08/2020 03:27:17.232 - [INFO] - Received UDP Socket call for method[isUserNameExist] with parameters[soma2000]
12/08/2020 03:27:17.248 - [INFO] - Making UPD Socket Call to EU Server for method : isUserNameExist
12/08/2020 03:27:17.248 - [INFO] - Received UDP Socket call for method[isUserNameExist] with parameters[soma2000]
12/08/2020 03:27:17.248 - [INFO] - New Account Created  Server[ AS ] user Name: soma2000
12/08/2020 03:27:17.248 - [INFO] - Making UPD Socket Call to EU Server for method : isUserNameExist
12/08/2020 03:27:17.248 - [INFO] - Received UDP Socket call for method[isUserNameExist] with parameters[sami2014]
12/08/2020 03:27:17.248 - [INFO] - Making UPD Socket Call to AS Server for method : isUserNameExist
12/08/2020 03:27:17.248 - [INFO] - Received UDP Socket call for method[isUserNameExist] with parameters[sami2014]
12/08/2020 03:27:17.248 - [INFO] - New Account Created  Server[ NA ] user Name: sami2014
12/08/2020 03:27:17.248 - [INFO] - Making UPD Socket Call to NA Server for method : isUserNameExist
12/08/2020 03:27:17.248 - [INFO] - Received UDP Socket call for method[isUserNameExist] with parameters[jami2020]
12/08/2020 03:27:17.248 - [INFO] - Making UPD Socket Call to AS Server for method : isUserNameExist
12/08/2020 03:27:17.248 - [INFO] - Received UDP Socket call for method[isUserNameExist] with parameters[jami2020]
12/08/2020 03:27:17.248 - [INFO] - New Account Created  Server[ EU ] user Name: jami2020
12/08/2020 03:27:17.248 - [INFO] - Making UPD Socket Call to NA Server for method : isUserNameExist
12/08/2020 03:27:17.248 - [INFO] - Received UDP Socket call for method[isUserNameExist] with parameters[rokib2000]
12/08/2020 03:27:17.248 - [INFO] - Making UPD Socket Call to AS Server for method : isUserNameExist
12/08/2020 03:27:17.248 - [INFO] - Received UDP Socket call for method[isUserNameExist] with parameters[rokib2000]
12/08/2020 03:27:17.248 - [INFO] - New Account Created  Server[ EU ] user Name: rokib2000
12/08/2020 03:27:17.248 - [INFO] - Making UPD Socket Call to NA Server for method : isUserNameExist
12/08/2020 03:27:17.248 - [INFO] - Received UDP Socket call for method[isUserNameExist] with parameters[rimjhim2020]
12/08/2020 03:27:17.248 - [INFO] - Making UPD Socket Call to EU Server for method : isUserNameExist
12/08/2020 03:27:17.248 - [INFO] - Received UDP Socket call for method[isUserNameExist] with parameters[rimjhim2020]
12/08/2020 03:27:17.248 - [INFO] - New Account Created  Server[ AS ] user Name: rimjhim2020
12/08/2020 03:27:17.248 - [INFO] - Making UPD Socket Call to NA Server for method : isUserNameExist
12/08/2020 03:27:17.248 - [INFO] - Received UDP Socket call for method[isUserNameExist] with parameters[arif2000]
12/08/2020 03:27:17.248 - [INFO] - Making UPD Socket Call to AS Server for method : isUserNameExist
12/08/2020 03:27:17.263 - [INFO] - Received UDP Socket call for method[isUserNameExist] with parameters[arif2000]
12/08/2020 03:27:17.263 - [INFO] - New Account Created  Server[ EU ] user Name: arif2000
12/08/2020 03:27:17.263 - [INFO] - Making UPD Socket Call to EU Server for method : isUserNameExist
12/08/2020 03:27:17.263 - [INFO] - Received UDP Socket call for method[isUserNameExist] with parameters[robi1000]
12/08/2020 03:27:17.263 - [INFO] - Making UPD Socket Call to AS Server for method : isUserNameExist
12/08/2020 03:27:17.263 - [INFO] - Received UDP Socket call for method[isUserNameExist] with parameters[robi1000]
12/08/2020 03:27:17.263 - [INFO] - New Account Created  Server[ NA ] user Name: robi1000
12/08/2020 03:27:17.263 - [INFO] - Making UPD Socket Call to EU Server for method : isUserNameExist
12/08/2020 03:27:17.263 - [INFO] - Received UDP Socket call for method[isUserNameExist] with parameters[roma1000]
12/08/2020 03:27:17.263 - [INFO] - Making UPD Socket Call to AS Server for method : isUserNameExist
12/08/2020 03:27:17.263 - [INFO] - Received UDP Socket call for method[isUserNameExist] with parameters[roma1000]
12/08/2020 03:27:17.263 - [INFO] - New Account Created  Server[ NA ] user Name: roma1000
12/08/2020 03:35:14.187 - [INFO] - LogOUT:  Server[ NA ] user Name: sami2014
13/08/2020 09:19:52.789 - [INFO] - EU UDP Server Started............
13/08/2020 09:19:52.789 - [INFO] - Making UPD Socket Call to NA Server for method : isUserNameExist
13/08/2020 09:19:52.789 - [INFO] - NA UDP Server Started............
13/08/2020 09:19:52.789 - [INFO] - AS UDP Server Started............
13/08/2020 09:19:52.851 - [INFO] - Received UDP Socket call for method[isUserNameExist] with parameters[soma2000]
13/08/2020 09:19:52.851 - [INFO] - Making UPD Socket Call to EU Server for method : isUserNameExist
13/08/2020 09:19:52.851 - [INFO] - Received UDP Socket call for method[isUserNameExist] with parameters[soma2000]
13/08/2020 09:19:52.851 - [INFO] - New Account Created  Server[ AS ] user Name: soma2000
13/08/2020 09:19:52.851 - [INFO] - Making UPD Socket Call to EU Server for method : isUserNameExist
13/08/2020 09:19:52.851 - [INFO] - Received UDP Socket call for method[isUserNameExist] with parameters[sami2014]
13/08/2020 09:19:52.851 - [INFO] - Making UPD Socket Call to AS Server for method : isUserNameExist
13/08/2020 09:19:52.851 - [INFO] - Received UDP Socket call for method[isUserNameExist] with parameters[sami2014]
13/08/2020 09:19:52.851 - [INFO] - New Account Created  Server[ NA ] user Name: sami2014
13/08/2020 09:19:52.851 - [INFO] - Making UPD Socket Call to NA Server for method : isUserNameExist
13/08/2020 09:19:52.851 - [INFO] - Received UDP Socket call for method[isUserNameExist] with parameters[jami2020]
13/08/2020 09:19:52.851 - [INFO] - Making UPD Socket Call to AS Server for method : isUserNameExist
13/08/2020 09:19:52.851 - [INFO] - Received UDP Socket call for method[isUserNameExist] with parameters[jami2020]
13/08/2020 09:19:52.851 - [INFO] - New Account Created  Server[ EU ] user Name: jami2020
13/08/2020 09:19:52.851 - [INFO] - Making UPD Socket Call to NA Server for method : isUserNameExist
13/08/2020 09:19:52.867 - [INFO] - Received UDP Socket call for method[isUserNameExist] with parameters[rokib2000]
13/08/2020 09:19:52.867 - [INFO] - Making UPD Socket Call to AS Server for method : isUserNameExist
13/08/2020 09:19:52.867 - [INFO] - Received UDP Socket call for method[isUserNameExist] with parameters[rokib2000]
13/08/2020 09:19:52.867 - [INFO] - New Account Created  Server[ EU ] user Name: rokib2000
13/08/2020 09:19:52.867 - [INFO] - Making UPD Socket Call to NA Server for method : isUserNameExist
13/08/2020 09:19:52.867 - [INFO] - Received UDP Socket call for method[isUserNameExist] with parameters[rimjhim2020]
13/08/2020 09:19:52.867 - [INFO] - Making UPD Socket Call to EU Server for method : isUserNameExist
13/08/2020 09:19:52.867 - [INFO] - Received UDP Socket call for method[isUserNameExist] with parameters[rimjhim2020]
13/08/2020 09:19:52.867 - [INFO] - New Account Created  Server[ AS ] user Name: rimjhim2020
13/08/2020 09:19:52.867 - [INFO] - Making UPD Socket Call to NA Server for method : isUserNameExist
13/08/2020 09:19:52.867 - [INFO] - Received UDP Socket call for method[isUserNameExist] with parameters[arif2000]
13/08/2020 09:19:52.867 - [INFO] - Making UPD Socket Call to AS Server for method : isUserNameExist
13/08/2020 09:19:52.867 - [INFO] - Received UDP Socket call for method[isUserNameExist] with parameters[arif2000]
13/08/2020 09:19:52.867 - [INFO] - New Account Created  Server[ EU ] user Name: arif2000
13/08/2020 09:19:52.867 - [INFO] - Making UPD Socket Call to EU Server for method : isUserNameExist
13/08/2020 09:19:52.867 - [INFO] - Received UDP Socket call for method[isUserNameExist] with parameters[robi1000]
13/08/2020 09:19:52.867 - [INFO] - Making UPD Socket Call to AS Server for method : isUserNameExist
13/08/2020 09:19:52.867 - [INFO] - Received UDP Socket call for method[isUserNameExist] with parameters[robi1000]
13/08/2020 09:19:52.867 - [INFO] - New Account Created  Server[ NA ] user Name: robi1000
13/08/2020 09:19:52.867 - [INFO] - Making UPD Socket Call to EU Server for method : isUserNameExist
13/08/2020 09:19:52.867 - [INFO] - Received UDP Socket call for method[isUserNameExist] with parameters[roma1000]
13/08/2020 09:19:52.867 - [INFO] - Making UPD Socket Call to AS Server for method : isUserNameExist
13/08/2020 09:19:52.883 - [INFO] - Received UDP Socket call for method[isUserNameExist] with parameters[roma1000]
13/08/2020 09:19:52.883 - [INFO] - New Account Created  Server[ NA ] user Name: roma1000
13/08/2020 09:21:22.068 - [INFO] - Making UPD Socket Call to EU Server for method : isUserNameExist
13/08/2020 09:21:22.084 - [INFO] - Received UDP Socket call for method[isUserNameExist] with parameters[abcd123]
13/08/2020 09:21:22.084 - [INFO] - Making UPD Socket Call to AS Server for method : isUserNameExist
13/08/2020 09:21:22.084 - [INFO] - Received UDP Socket call for method[isUserNameExist] with parameters[abcd123]
13/08/2020 09:21:22.084 - [INFO] - New Account Created  Server[ NA ] user Name: abcd123
13/08/2020 09:22:22.042 - [INFO] - Making UPD Socket Call to AS Server for method : createAccount
13/08/2020 09:22:22.042 - [INFO] - Received UDP Socket call for method[createAccount] with parameters[abcd abcd 4 abcd123 abcd123 182.123.123.123]
13/08/2020 09:22:22.057 - [INFO] - New Account Created  Server[ AS ] user Name: abcd123
13/08/2020 09:22:22.057 - [INFO] - Account Transferd: From Server[ 132.123.123.123 ] to Server[ 182.123.123.123 ] user Name : abcd123
13/08/2020 09:22:33.888 - [INFO] - LogOUT:  Server[ AS ] user Name: abcd123
13/08/2020 09:25:29.173 - [INFO] - LogOUT:  Server[ AS ] user Name: abcd123
